~~ Round 1 ~~
Angel DamageAngel was spawned at 0 0
DamageAngel helped Pyromancer 0
DamageAngel helped Knight 1
Angel XPAngel was spawned at 3 1
XPAngel helped Rogue 6

~~ Round 2 ~~
Player Knight 1 was killed by Wizard 2
Player Knight 4 was killed by Wizard 5

~~ Round 3 ~~
Player Wizard 5 was killed by Rogue 6

~~ Round 4 ~~
Angel TheDoomer was spawned at 0 0
TheDoomer hit Pyromancer 0
Player Pyromancer 0 was killed by an angel

~~ Round 5 ~~

~~ Results ~~
P dead
K dead
W 0 200 140 2 2
P 0 0 190 2 0
K dead
W dead
R 0 240 470 2 1
