~~ Round 1 ~~
Angel DamageAngel was spawned at 1 1
Angel DarkAngel was spawned at 2 2
Angel Dracula was spawned at 3 1
Angel GoodBoy was spawned at 5 1
Angel LevelUpAngel was spawned at 5 5
Angel LifeGiver was spawned at 7 2

~~ Round 2 ~~
Angel DamageAngel was spawned at 1 1
Angel DarkAngel was spawned at 2 2
Angel Dracula was spawned at 3 1
Angel GoodBoy was spawned at 5 1
Angel LevelUpAngel was spawned at 5 5
Angel LifeGiver was spawned at 7 2

~~ Round 3 ~~
Player Knight 48 was killed by Knight 13
Player Knight 13 was killed by Knight 48
Player Wizard 47 was killed by Pyromancer 21
Angel DamageAngel was spawned at 1 1
Angel DarkAngel was spawned at 2 2
DarkAngel hit Rogue 16
Angel Dracula was spawned at 2 2
Dracula hit Rogue 16
Angel Dracula was spawned at 2 2
Dracula hit Rogue 16
Angel LifeGiver was spawned at 2 2
LifeGiver helped Rogue 16
Angel LifeGiver was spawned at 7 2

~~ Round 4 ~~
Player Wizard 15 was killed by Knight 4
Player Rogue 34 was killed by Knight 30
Angel DamageAngel was spawned at 1 3
Angel DarkAngel was spawned at 2 5
Angel Dracula was spawned at 3 2
Dracula hit Rogue 16
Angel LifeGiver was spawned at 4 9
Angel GoodBoy was spawned at 6 1
Angel LevelUpAngel was spawned at 7 7

~~ Round 5 ~~
Angel Spawner was spawned at 0 0
Angel TheDoomer was spawned at 2 2
TheDoomer hit Rogue 16
Player Rogue 16 was killed by an angel
Angel DamageAngel was spawned at 9 13
Angel Dracula was spawned at 15 5
Angel Dracula was spawned at 15 6
Angel GoodBoy was spawned at 19 4

~~ Round 6 ~~
Player Pyromancer 49 was killed by Pyromancer 0
Player Pyromancer 0 was killed by Pyromancer 49
Player Wizard 24 was killed by Pyromancer 23
Angel LifeGiver was spawned at 0 0
Angel GoodBoy was spawned at 2 2
Angel DamageAngel was spawned at 9 13
Angel Dracula was spawned at 15 5
Dracula hit Knight 3
Angel Dracula was spawned at 15 6
Angel GoodBoy was spawned at 19 4

~~ Round 7 ~~
Angel Spawner was spawned at 0 0
Angel TheDoomer was spawned at 2 4
Angel DamageAngel was spawned at 9 13
Angel Dracula was spawned at 15 5
Angel XPAngel was spawned at 15 6
Angel SmallAngel was spawned at 19 4

~~ Round 8 ~~
Angel Dracula was spawned at 0 0
Angel GoodBoy was spawned at 2 6
Angel DamageAngel was spawned at 9 13
Angel LevelUpAngel was spawned at 15 5
Angel SmallAngel was spawned at 15 6
Angel XPAngel was spawned at 19 4

~~ Round 9 ~~
Player Pyromancer 21 was killed by Knight 28
Angel Spawner was spawned at 0 7
Angel DamageAngel was spawned at 2 1
Angel DamageAngel was spawned at 9 13
Angel LevelUpAngel was spawned at 15 5
Angel SmallAngel was spawned at 15 6
Angel XPAngel was spawned at 19 4

~~ Round 10 ~~
Player Wizard 37 was killed by Rogue 45
Angel DarkAngel was spawned at 2 9
Angel LifeGiver was spawned at 5 0
Angel Dracula was spawned at 9 13
Angel Dracula was spawned at 15 5
Angel LevelUpAngel was spawned at 15 6
Angel DamageAngel was spawned at 19 4

~~ Round 11 ~~
Angel Spawner was spawned at 0 4
Angel GoodBoy was spawned at 2 5
Angel DamageAngel was spawned at 9 13
Angel LevelUpAngel was spawned at 15 5
Angel GoodBoy was spawned at 15 6
Angel XPAngel was spawned at 19 4

~~ Round 12 ~~
Player Rogue 32 was killed by Pyromancer 26
Angel SmallAngel was spawned at 2 0
Angel DamageAngel was spawned at 2 7
Angel LifeGiver was spawned at 9 13
Angel Spawner was spawned at 15 5
Angel SmallAngel was spawned at 15 6
Angel Dracula was spawned at 19 4

~~ Round 13 ~~
Player Pyromancer 23 was killed by Knight 42
Angel LifeGiver was spawned at 0 7
Angel GoodBoy was spawned at 2 11
Angel LifeGiver was spawned at 9 13
Angel LifeGiver was spawned at 15 5
Angel SmallAngel was spawned at 15 6
SmallAngel helped Knight 3
Angel XPAngel was spawned at 19 4

~~ Round 14 ~~
Angel SmallAngel was spawned at 0 9
Angel SmallAngel was spawned at 2 13
Angel SmallAngel was spawned at 9 13
Angel SmallAngel was spawned at 15 5
Angel SmallAngel was spawned at 15 6
Angel SmallAngel was spawned at 19 4

~~ Round 15 ~~
Player Pyromancer 26 was killed by Knight 4
Player Knight 4 was killed by Pyromancer 26
Angel TheDoomer was spawned at 1 1
Angel TheDoomer was spawned at 2 2
Angel TheDoomer was spawned at 3 3
Angel TheDoomer was spawned at 4 4
Angel TheDoomer was spawned at 5 5
Angel TheDoomer was spawned at 6 6
Angel TheDoomer was spawned at 7 7
Angel TheDoomer was spawned at 8 8
Angel TheDoomer was spawned at 9 9
Angel TheDoomer was spawned at 11 0

~~ Round 16 ~~
Player Pyromancer 35 was killed by Knight 44
Player Rogue 1 was killed by Knight 19
Angel TheDoomer was spawned at 0 9
Angel TheDoomer was spawned at 1 8
Angel TheDoomer was spawned at 2 7
Angel TheDoomer was spawned at 3 6
Angel TheDoomer was spawned at 4 5
Angel TheDoomer was spawned at 5 4
Angel TheDoomer was spawned at 6 3
Angel TheDoomer was spawned at 7 2
TheDoomer hit Rogue 43
Player Rogue 43 was killed by an angel
Angel TheDoomer was spawned at 8 1
Angel TheDoomer was spawned at 9 0

~~ Round 17 ~~
Angel LevelUpAngel was spawned at 0 9
LevelUpAngel helped Knight 39
Knight 39 reached level 1
Angel LevelUpAngel was spawned at 1 8
Angel LevelUpAngel was spawned at 2 7
Angel LevelUpAngel was spawned at 3 6
Angel LevelUpAngel was spawned at 4 5
Angel LevelUpAngel was spawned at 5 4
LevelUpAngel helped Wizard 8
Wizard 8 reached level 1
Angel LevelUpAngel was spawned at 6 3
Angel LevelUpAngel was spawned at 7 2
Angel LevelUpAngel was spawned at 8 1
Angel LevelUpAngel was spawned at 9 0

~~ Round 18 ~~
Angel Spawner was spawned at 0 3
Angel GoodBoy was spawned at 2 18
Angel DamageAngel was spawned at 9 13
Angel LevelUpAngel was spawned at 15 5
Angel GoodBoy was spawned at 15 6
Angel XPAngel was spawned at 19 4

~~ Round 19 ~~
Player Knight 28 was killed by Knight 30
Knight 30 reached level 1
Knight 30 reached level 2
Knight 30 reached level 3
Knight 30 reached level 4
Angel SmallAngel was spawned at 2 16
Angel SmallAngel was spawned at 6 0
Angel SmallAngel was spawned at 9 13
Angel SmallAngel was spawned at 15 5
Angel SmallAngel was spawned at 15 6
Angel SmallAngel was spawned at 19 4

~~ Round 20 ~~
Angel DarkAngel was spawned at 2 4
Angel LifeGiver was spawned at 8 0
LifeGiver helped Rogue 10
Angel Dracula was spawned at 9 13
Dracula hit Pyromancer 27
Angel Dracula was spawned at 15 5
Angel LevelUpAngel was spawned at 15 6
Angel DamageAngel was spawned at 19 4

~~ Round 21 ~~
Player Pyromancer 20 was killed by Wizard 14
Player Wizard 14 was killed by Pyromancer 20
Player Wizard 41 was killed by Pyromancer 7
Player Knight 31 was killed by Pyromancer 12
Player Pyromancer 12 was killed by Knight 31
Angel DamageAngel was spawned at 1 1
Angel DarkAngel was spawned at 2 9
Angel Dracula was spawned at 3 1
Angel GoodBoy was spawned at 5 1
Angel LevelUpAngel was spawned at 5 5
Angel LifeGiver was spawned at 7 2

~~ Round 22 ~~
Angel Spawner was spawned at 0 12
Angel GoodBoy was spawned at 2 7
Angel DamageAngel was spawned at 9 13
Angel LevelUpAngel was spawned at 15 5
Angel GoodBoy was spawned at 15 6
Angel XPAngel was spawned at 19 4

~~ Round 23 ~~
Angel GoodBoy was spawned at 2 7
Angel Spawner was spawned at 6 0
Angel Dracula was spawned at 9 13
Angel GoodBoy was spawned at 15 5
Angel DamageAngel was spawned at 15 6
Angel XPAngel was spawned at 19 4

~~ Round 24 ~~
Angel GoodBoy was spawned at 2 9
Angel LifeGiver was spawned at 3 0
Angel LifeGiver was spawned at 9 13
Angel LifeGiver was spawned at 15 5
LifeGiver helped Knight 3
Angel SmallAngel was spawned at 15 6
Angel XPAngel was spawned at 19 4

~~ Round 25 ~~
Angel Spawner was spawned at 0 7
Angel GoodBoy was spawned at 2 1
Angel DamageAngel was spawned at 9 13
Angel LevelUpAngel was spawned at 15 5
Angel GoodBoy was spawned at 15 6
Angel XPAngel was spawned at 19 4
XPAngel helped Pyromancer 9

~~ Round 26 ~~
Angel TheDoomer was spawned at 0 9
Angel TheDoomer was spawned at 1 8
Angel TheDoomer was spawned at 2 7
Angel TheDoomer was spawned at 3 6
Angel TheDoomer was spawned at 4 5
Angel TheDoomer was spawned at 5 4
Angel TheDoomer was spawned at 6 3
Angel TheDoomer was spawned at 7 2
Angel TheDoomer was spawned at 8 1
Angel TheDoomer was spawned at 9 0

~~ Round 27 ~~
Angel Spawner was spawned at 0 15
Angel GoodBoy was spawned at 2 0
Angel DamageAngel was spawned at 9 13
Angel LevelUpAngel was spawned at 15 5
Angel GoodBoy was spawned at 15 6
Angel XPAngel was spawned at 19 4

~~ Round 28 ~~
Player Pyromancer 46 was killed by Knight 39
Knight 39 reached level 2
Knight 39 reached level 3
Knight 39 reached level 4
Angel LevelUpAngel was spawned at 0 9
Angel LevelUpAngel was spawned at 1 8
Angel LevelUpAngel was spawned at 2 7
Angel LevelUpAngel was spawned at 3 6
Angel LevelUpAngel was spawned at 4 5
Angel LevelUpAngel was spawned at 5 4
Angel LevelUpAngel was spawned at 6 3
Angel LevelUpAngel was spawned at 7 2
Angel LevelUpAngel was spawned at 8 1
Angel LevelUpAngel was spawned at 9 0

~~ Results ~~
P dead
R dead
R 0 0 600 3 19
K 0 0 900 13 3
K dead
K 0 0 900 5 14
K 0 0 900 8 17
P 0 200 286 8 11
W 1 250 430 10 8
P 0 50 500 18 2
R 0 0 600 13 1
W 0 0 400 6 4
P dead
K dead
W dead
W dead
R dead
P 0 0 500 18 3
W 0 0 100 7 6
K 0 200 444 8 9
P dead
P dead
P 0 0 500 1 18
P dead
W dead
R 0 0 70 11 2
P dead
P 0 0 225 10 14
K dead
W 0 0 375 16 11
K 4 400 1220 18 15
K dead
R dead
W 0 0 35 7 13
R dead
P dead
K 0 0 900 10 7
W dead
R 0 0 600 18 0
K 4 410 1220 3 13
P 0 0 500 10 4
W dead
K 0 200 148 19 9
R dead
K 0 200 300 6 1
R 0 200 7 2 11
P dead
W dead
K dead
P dead
